<?xml version="1.0" encoding="UTF-8"?>
<!-- Generated by org.testng.reporters.JUnitReportReporter -->
<testsuite hostname="DESKTOP-122O0EN" failures="0" tests="1" name="restAssured.HttpMethod" time="7.034" errors="0" timestamp="25 May 2023 05:32:13 GMT" skipped="0">
  <testcase classname="restAssured.HttpMethod" name="getMethod" time="7.034"/>
</testsuite> <!-- restAssured.HttpMethod -->
