<?xml version="1.0" encoding="UTF-8"?>
<!-- Generated by org.testng.reporters.JUnitReportReporter -->
<testsuite hostname="DESKTOP-122O0EN" failures="0" tests="1" name="restAssured.HttpMethod" time="3.928" errors="0" timestamp="09 Mar 2023 02:00:50 GMT" skipped="0">
  <testcase classname="restAssured.HttpMethod" name="getMethod" time="3.928"/>
</testsuite> <!-- restAssured.HttpMethod -->
