<?xml version="1.0" encoding="UTF-8"?>
<!-- Generated by org.testng.reporters.JUnitReportReporter -->
<testsuite hostname="DESKTOP-122O0EN" failures="0" tests="3" name="restAssured.HttpMethod" time="11.333" errors="0" timestamp="05 Apr 2023 07:11:53 GMT" skipped="0">
  <testcase classname="restAssured.HttpMethod" name="putMehtod" time="1.379"/>
  <testcase classname="restAssured.HttpMethod" name="postMehtod" time="1.562"/>
  <testcase classname="restAssured.HttpMethod" name="getMethod" time="8.392"/>
</testsuite> <!-- restAssured.HttpMethod -->
