<?xml version="1.0" encoding="UTF-8"?>
<!-- Generated by org.testng.reporters.JUnitReportReporter -->
<testsuite hostname="DESKTOP-122O0EN" failures="0" tests="1" name="restAssured.HttpMethod2" time="5.655" errors="0" timestamp="29 Mar 2023 14:40:20 GMT" skipped="0">
  <testcase classname="restAssured.HttpMethod2" name="queryparamTest" time="5.655"/>
</testsuite> <!-- restAssured.HttpMethod2 -->
