<?xml version="1.0" encoding="UTF-8"?>
<!-- Generated by org.testng.reporters.JUnitReportReporter -->
<testsuite hostname="DESKTOP-122O0EN" failures="0" tests="1" name="restAssured.JiraAPIsAutomation" time="3.734" errors="0" timestamp="11 Mar 2023 01:44:00 GMT" skipped="0">
  <testcase classname="restAssured.JiraAPIsAutomation" name="deletComment2" time="3.734"/>
</testsuite> <!-- restAssured.JiraAPIsAutomation -->
