<?xml version="1.0" encoding="UTF-8"?>
<!-- Generated by org.testng.reporters.JUnitReportReporter -->
<testsuite hostname="DESKTOP-122O0EN" failures="0" tests="1" name="com.jbk.DemoTest2" time="0.035" errors="0" timestamp="25 Feb 2023 22:30:36 GMT" skipped="0">
  <testcase classname="com.jbk.DemoTest2" name="test01" time="0.035"/>
</testsuite> <!-- com.jbk.DemoTest2 -->
