<?xml version="1.0" encoding="UTF-8"?>
<!-- Generated by org.testng.reporters.JUnitReportReporter -->
<testsuite hostname="DESKTOP-122O0EN" failures="0" tests="1" name="com.tests.DemoTest" time="0.022" errors="0" timestamp="25 Feb 2023 22:05:21 GMT" skipped="0">
  <testcase classname="com.tests.DemoTest" name="test01" time="0.022"/>
</testsuite> <!-- com.tests.DemoTest -->
