<?xml version="1.0" encoding="UTF-8"?>
<!-- Generated by org.testng.reporters.JUnitReportReporter -->
<testsuite hostname="DESKTOP-122O0EN" failures="0" tests="3" name="com.jbk.dataprovider.DataProviderWithExcelSheet" time="37.461" errors="0" timestamp="2023-02-15T17:47:51 PST" skipped="0">
  <testcase classname="com.jbk.dataprovider.DataProviderWithExcelSheet" name="LoginTestCase" time="10.418"/>
  <system-out/>
  <testcase classname="com.jbk.dataprovider.DataProviderWithExcelSheet" name="LoginTestCase" time="15.080"/>
  <system-out/>
  <testcase classname="com.jbk.dataprovider.DataProviderWithExcelSheet" name="LoginTestCase" time="11.963"/>
  <system-out/>
</testsuite> <!-- com.jbk.dataprovider.DataProviderWithExcelSheet -->
