<?xml version="1.0" encoding="UTF-8"?>
<!-- Generated by org.testng.reporters.JUnitReportReporter -->
<testsuite hostname="DESKTOP-122O0EN" failures="0" tests="4" name="com.test.LoginTest" time="28.238" errors="0" timestamp="06 Mar 2023 01:48:48 GMT" skipped="0">
  <testcase classname="com.test.LoginTest" name="verifyTitleOfNextPage" time="13.235"/>
  <testcase classname="com.test.LoginTest" name="VerifyWrongGmailAccount" time="7.637"/>
  <testcase classname="com.test.LoginTest" name="VerifyWrongPassword" time="3.283"/>
  <testcase classname="com.test.LoginTest" name="VerifyWrongGamilAndPassword" time="4.083"/>
</testsuite> <!-- com.test.LoginTest -->
