<?xml version="1.0" encoding="UTF-8"?>
<!-- Generated by org.testng.reporters.JUnitReportReporter -->
<testsuite hostname="DESKTOP-122O0EN" failures="0" tests="3" name="com.test.HomepageTest" time="0.907" errors="0" timestamp="29 Mar 2023 11:10:17 GMT" skipped="0">
  <testcase classname="com.test.HomepageTest" name="verifyMenuapi" time="0.131"/>
  <testcase classname="com.test.HomepageTest" name="verifylogo" time="0.112"/>
  <testcase classname="com.test.HomepageTest" name="verifyMenu" time="0.664"/>
</testsuite> <!-- com.test.HomepageTest -->
